[16-Jan-2019 18:17:37 UTC] PHP Fatal error:  Call to a member function rowCount() on a non-object in /home/ubuntu/workspace/public/competition/Player/InsertingOne.php on line 13
[16-Jan-2019 18:17:37 UTC] PHP Stack trace:
[16-Jan-2019 18:17:37 UTC] PHP   1. {main}() /home/ubuntu/workspace/public/competition/Player/InsertingOne.php:0
[16-Jan-2019 18:17:44 UTC] PHP Fatal error:  Call to a member function rowCount() on a non-object in /home/ubuntu/workspace/public/competition/Player/InsertingOne.php on line 13
[16-Jan-2019 18:17:44 UTC] PHP Stack trace:
[16-Jan-2019 18:17:44 UTC] PHP   1. {main}() /home/ubuntu/workspace/public/competition/Player/InsertingOne.php:0
[16-Jan-2019 18:18:39 UTC] PHP Fatal error:  Call to a member function rowCount() on a non-object in /home/ubuntu/workspace/public/competition/Player/InsertingOne.php on line 13
[16-Jan-2019 18:18:39 UTC] PHP Stack trace:
[16-Jan-2019 18:18:39 UTC] PHP   1. {main}() /home/ubuntu/workspace/public/competition/Player/InsertingOne.php:0
[16-Jan-2019 18:18:40 UTC] PHP Fatal error:  Call to a member function rowCount() on a non-object in /home/ubuntu/workspace/public/competition/Player/InsertingOne.php on line 13
[16-Jan-2019 18:18:40 UTC] PHP Stack trace:
[16-Jan-2019 18:18:40 UTC] PHP   1. {main}() /home/ubuntu/workspace/public/competition/Player/InsertingOne.php:0
[16-Jan-2019 18:22:13 UTC] PHP Fatal error:  Call to a member function rowCount() on a non-object in /home/ubuntu/workspace/public/competition/Player/InsertingOne.php on line 14
[16-Jan-2019 18:22:13 UTC] PHP Stack trace:
[16-Jan-2019 18:22:13 UTC] PHP   1. {main}() /home/ubuntu/workspace/public/competition/Player/InsertingOne.php:0
[16-Jan-2019 20:43:39 UTC] PHP Warning:  PDO::__construct() expects parameter 2 to be string, array given in /home/ubuntu/workspace/public/competition/Player/UpdatingOne.php on line 56
[16-Jan-2019 20:43:39 UTC] PHP Stack trace:
[16-Jan-2019 20:43:39 UTC] PHP   1. {main}() /home/ubuntu/workspace/public/competition/Player/UpdatingOne.php:0
[16-Jan-2019 20:43:39 UTC] PHP   2. PDO->__construct() /home/ubuntu/workspace/public/competition/Player/UpdatingOne.php:56
[16-Jan-2019 20:43:39 UTC] PHP Fatal error:  Call to a member function prepare() on a non-object in /home/ubuntu/workspace/public/competition/Player/UpdatingOne.php on line 57
[16-Jan-2019 20:43:39 UTC] PHP Stack trace:
[16-Jan-2019 20:43:39 UTC] PHP   1. {main}() /home/ubuntu/workspace/public/competition/Player/UpdatingOne.php:0
[16-Jan-2019 20:53:01 UTC] PHP Warning:  PDO::__construct() expects parameter 2 to be string, array given in /home/ubuntu/workspace/public/competition/Player/UpdatingOne.php on line 56
[16-Jan-2019 20:53:01 UTC] PHP Stack trace:
[16-Jan-2019 20:53:01 UTC] PHP   1. {main}() /home/ubuntu/workspace/public/competition/Player/UpdatingOne.php:0
[16-Jan-2019 20:53:01 UTC] PHP   2. PDO->__construct() /home/ubuntu/workspace/public/competition/Player/UpdatingOne.php:56
[16-Jan-2019 20:53:01 UTC] PHP Fatal error:  Call to a member function prepare() on a non-object in /home/ubuntu/workspace/public/competition/Player/UpdatingOne.php on line 57
[16-Jan-2019 20:53:01 UTC] PHP Stack trace:
[16-Jan-2019 20:53:01 UTC] PHP   1. {main}() /home/ubuntu/workspace/public/competition/Player/UpdatingOne.php:0
[16-Jan-2019 20:53:20 UTC] PHP Warning:  PDO::__construct() expects parameter 2 to be string, array given in /home/ubuntu/workspace/public/competition/Player/UpdatingOne.php on line 56
[16-Jan-2019 20:53:20 UTC] PHP Stack trace:
[16-Jan-2019 20:53:20 UTC] PHP   1. {main}() /home/ubuntu/workspace/public/competition/Player/UpdatingOne.php:0
[16-Jan-2019 20:53:20 UTC] PHP   2. PDO->__construct() /home/ubuntu/workspace/public/competition/Player/UpdatingOne.php:56
[16-Jan-2019 20:53:20 UTC] PHP Fatal error:  Call to a member function prepare() on a non-object in /home/ubuntu/workspace/public/competition/Player/UpdatingOne.php on line 57
[16-Jan-2019 20:53:20 UTC] PHP Stack trace:
[16-Jan-2019 20:53:20 UTC] PHP   1. {main}() /home/ubuntu/workspace/public/competition/Player/UpdatingOne.php:0
[23-Jan-2019 18:35:53 UTC] PHP Warning:  Illegal string offset 'id' in /home/ubuntu/workspace/public/competition/Liga/UpdatingOne.php on line 107
[23-Jan-2019 18:35:53 UTC] PHP Stack trace:
[23-Jan-2019 18:35:53 UTC] PHP   1. {main}() /home/ubuntu/workspace/public/competition/Liga/UpdatingOne.php:0
[23-Jan-2019 18:35:53 UTC] PHP Warning:  Illegal string offset ' id ' in /home/ubuntu/workspace/public/competition/Liga/UpdatingOne.php on line 109
[23-Jan-2019 18:35:53 UTC] PHP Stack trace:
[23-Jan-2019 18:35:53 UTC] PHP   1. {main}() /home/ubuntu/workspace/public/competition/Liga/UpdatingOne.php:0
[23-Jan-2019 18:35:53 UTC] PHP Warning:  Illegal string offset 'Name' in /home/ubuntu/workspace/public/competition/Liga/UpdatingOne.php on line 111
[23-Jan-2019 18:35:53 UTC] PHP Stack trace:
[23-Jan-2019 18:35:53 UTC] PHP   1. {main}() /home/ubuntu/workspace/public/competition/Liga/UpdatingOne.php:0
[23-Jan-2019 18:35:53 UTC] PHP Warning:  Illegal string offset 'Year' in /home/ubuntu/workspace/public/competition/Liga/UpdatingOne.php on line 114
[23-Jan-2019 18:35:53 UTC] PHP Stack trace:
[23-Jan-2019 18:35:53 UTC] PHP   1. {main}() /home/ubuntu/workspace/public/competition/Liga/UpdatingOne.php:0
[23-Jan-2019 18:35:53 UTC] PHP Warning:  Illegal string offset 'IsInPlanning' in /home/ubuntu/workspace/public/competition/Liga/UpdatingOne.php on line 117
[23-Jan-2019 18:35:53 UTC] PHP Stack trace:
[23-Jan-2019 18:35:53 UTC] PHP   1. {main}() /home/ubuntu/workspace/public/competition/Liga/UpdatingOne.php:0
[23-Jan-2019 18:35:53 UTC] PHP Warning:  Illegal string offset 'id' in /home/ubuntu/workspace/public/competition/Liga/UpdatingOne.php on line 107
[23-Jan-2019 18:35:53 UTC] PHP Stack trace:
[23-Jan-2019 18:35:53 UTC] PHP   1. {main}() /home/ubuntu/workspace/public/competition/Liga/UpdatingOne.php:0
[23-Jan-2019 18:35:53 UTC] PHP Warning:  Illegal string offset ' id ' in /home/ubuntu/workspace/public/competition/Liga/UpdatingOne.php on line 109
[23-Jan-2019 18:35:53 UTC] PHP Stack trace:
[23-Jan-2019 18:35:53 UTC] PHP   1. {main}() /home/ubuntu/workspace/public/competition/Liga/UpdatingOne.php:0
[23-Jan-2019 18:35:53 UTC] PHP Warning:  Illegal string offset 'Name' in /home/ubuntu/workspace/public/competition/Liga/UpdatingOne.php on line 111
[23-Jan-2019 18:35:53 UTC] PHP Stack trace:
[23-Jan-2019 18:35:53 UTC] PHP   1. {main}() /home/ubuntu/workspace/public/competition/Liga/UpdatingOne.php:0
[23-Jan-2019 18:35:53 UTC] PHP Warning:  Illegal string offset 'Year' in /home/ubuntu/workspace/public/competition/Liga/UpdatingOne.php on line 114
[23-Jan-2019 18:35:53 UTC] PHP Stack trace:
[23-Jan-2019 18:35:53 UTC] PHP   1. {main}() /home/ubuntu/workspace/public/competition/Liga/UpdatingOne.php:0
[23-Jan-2019 18:35:53 UTC] PHP Warning:  Illegal string offset 'IsInPlanning' in /home/ubuntu/workspace/public/competition/Liga/UpdatingOne.php on line 117
[23-Jan-2019 18:35:53 UTC] PHP Stack trace:
[23-Jan-2019 18:35:53 UTC] PHP   1. {main}() /home/ubuntu/workspace/public/competition/Liga/UpdatingOne.php:0
[23-Jan-2019 18:35:53 UTC] PHP Warning:  Illegal string offset 'id' in /home/ubuntu/workspace/public/competition/Liga/UpdatingOne.php on line 107
[23-Jan-2019 18:35:53 UTC] PHP Stack trace:
[23-Jan-2019 18:35:53 UTC] PHP   1. {main}() /home/ubuntu/workspace/public/competition/Liga/UpdatingOne.php:0
[23-Jan-2019 18:35:53 UTC] PHP Warning:  Illegal string offset ' id ' in /home/ubuntu/workspace/public/competition/Liga/UpdatingOne.php on line 109
[23-Jan-2019 18:35:53 UTC] PHP Stack trace:
[23-Jan-2019 18:35:53 UTC] PHP   1. {main}() /home/ubuntu/workspace/public/competition/Liga/UpdatingOne.php:0
[23-Jan-2019 18:35:53 UTC] PHP Warning:  Illegal string offset 'Name' in /home/ubuntu/workspace/public/competition/Liga/UpdatingOne.php on line 111
[23-Jan-2019 18:35:53 UTC] PHP Stack trace:
[23-Jan-2019 18:35:53 UTC] PHP   1. {main}() /home/ubuntu/workspace/public/competition/Liga/UpdatingOne.php:0
[23-Jan-2019 18:35:53 UTC] PHP Warning:  Illegal string offset 'Year' in /home/ubuntu/workspace/public/competition/Liga/UpdatingOne.php on line 114
[23-Jan-2019 18:35:53 UTC] PHP Stack trace:
[23-Jan-2019 18:35:53 UTC] PHP   1. {main}() /home/ubuntu/workspace/public/competition/Liga/UpdatingOne.php:0
[23-Jan-2019 18:35:53 UTC] PHP Warning:  Illegal string offset 'IsInPlanning' in /home/ubuntu/workspace/public/competition/Liga/UpdatingOne.php on line 117
[23-Jan-2019 18:35:53 UTC] PHP Stack trace:
[23-Jan-2019 18:35:53 UTC] PHP   1. {main}() /home/ubuntu/workspace/public/competition/Liga/UpdatingOne.php:0
[23-Jan-2019 18:35:53 UTC] PHP Warning:  Illegal string offset 'id' in /home/ubuntu/workspace/public/competition/Liga/UpdatingOne.php on line 107
[23-Jan-2019 18:35:53 UTC] PHP Stack trace:
[23-Jan-2019 18:35:53 UTC] PHP   1. {main}() /home/ubuntu/workspace/public/competition/Liga/UpdatingOne.php:0
[23-Jan-2019 18:35:53 UTC] PHP Warning:  Illegal string offset ' id ' in /home/ubuntu/workspace/public/competition/Liga/UpdatingOne.php on line 109
[23-Jan-2019 18:35:53 UTC] PHP Stack trace:
[23-Jan-2019 18:35:53 UTC] PHP   1. {main}() /home/ubuntu/workspace/public/competition/Liga/UpdatingOne.php:0
[23-Jan-2019 18:35:53 UTC] PHP Warning:  Illegal string offset 'Name' in /home/ubuntu/workspace/public/competition/Liga/UpdatingOne.php on line 111
[23-Jan-2019 18:35:53 UTC] PHP Stack trace:
[23-Jan-2019 18:35:53 UTC] PHP   1. {main}() /home/ubuntu/workspace/public/competition/Liga/UpdatingOne.php:0
[23-Jan-2019 18:35:53 UTC] PHP Warning:  Illegal string offset 'Year' in /home/ubuntu/workspace/public/competition/Liga/UpdatingOne.php on line 114
[23-Jan-2019 18:35:53 UTC] PHP Stack trace:
[23-Jan-2019 18:35:53 UTC] PHP   1. {main}() /home/ubuntu/workspace/public/competition/Liga/UpdatingOne.php:0
[23-Jan-2019 18:35:53 UTC] PHP Warning:  Illegal string offset 'IsInPlanning' in /home/ubuntu/workspace/public/competition/Liga/UpdatingOne.php on line 117
[23-Jan-2019 18:35:53 UTC] PHP Stack trace:
[23-Jan-2019 18:35:53 UTC] PHP   1. {main}() /home/ubuntu/workspace/public/competition/Liga/UpdatingOne.php:0
[23-Jan-2019 18:51:02 UTC] PHP Parse error:  syntax error, unexpected end of file in /home/ubuntu/workspace/public/competition/Liga/UpdatingOne.php on line 102
[23-Jan-2019 18:55:00 UTC] PHP Parse error:  syntax error, unexpected end of file in /home/ubuntu/workspace/public/competition/Liga/ReadingOne.php on line 89
[23-Jan-2019 19:05:41 UTC] PHP Fatal error:  Call to a member function bindParam() on a non-object in /home/ubuntu/workspace/public/competition/Liga/Delete.php on line 4
[23-Jan-2019 19:05:41 UTC] PHP Stack trace:
[23-Jan-2019 19:05:41 UTC] PHP   1. {main}() /home/ubuntu/workspace/public/competition/Liga/Delete.php:0
[23-Jan-2019 19:06:34 UTC] PHP Fatal error:  Call to a member function prepare() on a non-object in /home/ubuntu/workspace/public/competition/Liga/Delete.php on line 4
[23-Jan-2019 19:06:34 UTC] PHP Stack trace:
[23-Jan-2019 19:06:34 UTC] PHP   1. {main}() /home/ubuntu/workspace/public/competition/Liga/Delete.php:0
[23-Jan-2019 19:50:31 UTC] PHP Fatal error:  Call to undefined function escape() in /home/ubuntu/workspace/public/competition/Liga/Update.php on line 3
[23-Jan-2019 19:50:31 UTC] PHP Stack trace:
[23-Jan-2019 19:50:31 UTC] PHP   1. {main}() /home/ubuntu/workspace/public/competition/Liga/Update.php:0
[23-Jan-2019 20:22:21 UTC] PHP Fatal error:  Cannot redeclare escape() (previously declared in /home/ubuntu/workspace/common.php:8) in /home/ubuntu/workspace/common.php on line 8
[23-Jan-2019 20:22:21 UTC] PHP Stack trace:
[23-Jan-2019 20:22:21 UTC] PHP   1. {main}() /home/ubuntu/workspace/public/competition/Player/InsertingOne.php:0
[23-Jan-2019 20:23:58 UTC] PHP Fatal error:  Cannot redeclare escape() (previously declared in /home/ubuntu/workspace/common.php:8) in /home/ubuntu/workspace/common.php on line 8
[23-Jan-2019 20:23:58 UTC] PHP Stack trace:
[23-Jan-2019 20:23:58 UTC] PHP   1. {main}() /home/ubuntu/workspace/public/competition/Player/InsertingOne.php:0
[23-Jan-2019 20:24:55 UTC] PHP Fatal error:  Cannot redeclare escape() (previously declared in /home/ubuntu/workspace/common.php:8) in /home/ubuntu/workspace/common.php on line 8
[23-Jan-2019 20:24:55 UTC] PHP Stack trace:
[23-Jan-2019 20:24:55 UTC] PHP   1. {main}() /home/ubuntu/workspace/public/competition/Player/InsertingOne.php:0
[23-Jan-2019 20:25:02 UTC] PHP Fatal error:  Cannot redeclare escape() (previously declared in /home/ubuntu/workspace/common.php:8) in /home/ubuntu/workspace/common.php on line 8
[23-Jan-2019 20:25:02 UTC] PHP Stack trace:
[23-Jan-2019 20:25:02 UTC] PHP   1. {main}() /home/ubuntu/workspace/public/competition/Player/InsertingOne.php:0
[23-Jan-2019 20:25:48 UTC] PHP Fatal error:  Cannot redeclare escape() (previously declared in /home/ubuntu/workspace/common.php:8) in /home/ubuntu/workspace/common.php on line 8
[23-Jan-2019 20:25:48 UTC] PHP Stack trace:
[23-Jan-2019 20:25:48 UTC] PHP   1. {main}() /home/ubuntu/workspace/public/competition/Player/InsertingOne.php:0
[23-Jan-2019 20:28:15 UTC] PHP Fatal error:  Cannot redeclare escape() (previously declared in /home/ubuntu/workspace/common.php:8) in /home/ubuntu/workspace/common.php on line 8
[23-Jan-2019 20:28:15 UTC] PHP Stack trace:
[23-Jan-2019 20:28:15 UTC] PHP   1. {main}() /home/ubuntu/workspace/public/competition/Player/InsertingOne.php:0
[23-Jan-2019 20:29:45 UTC] PHP Fatal error:  Cannot redeclare escape() (previously declared in /home/ubuntu/workspace/common.php:8) in /home/ubuntu/workspace/common.php on line 8
[23-Jan-2019 20:29:45 UTC] PHP Stack trace:
[23-Jan-2019 20:29:45 UTC] PHP   1. {main}() /home/ubuntu/workspace/public/competition/Player/InsertingOne.php:0
[23-Jan-2019 21:07:29 UTC] PHP Fatal error:  Cannot redeclare escape() (previously declared in /home/ubuntu/workspace/common.php:8) in /home/ubuntu/workspace/common.php on line 8
[23-Jan-2019 21:07:29 UTC] PHP Stack trace:
[23-Jan-2019 21:07:29 UTC] PHP   1. {main}() /home/ubuntu/workspace/public/competition/Player/InsertingOne.php:0
[23-Jan-2019 21:12:32 UTC] PHP Fatal error:  Cannot redeclare escape() (previously declared in /home/ubuntu/workspace/common.php:8) in /home/ubuntu/workspace/common.php on line 8
[23-Jan-2019 21:12:32 UTC] PHP Stack trace:
[23-Jan-2019 21:12:32 UTC] PHP   1. {main}() /home/ubuntu/workspace/public/competition/Player/InsertingOne.php:0
[23-Jan-2019 21:13:31 UTC] PHP Fatal error:  Cannot redeclare escape() (previously declared in /home/ubuntu/workspace/common.php:8) in /home/ubuntu/workspace/common.php on line 8
[23-Jan-2019 21:13:31 UTC] PHP Stack trace:
[23-Jan-2019 21:13:31 UTC] PHP   1. {main}() /home/ubuntu/workspace/public/competition/Player/InsertingOne.php:0
